c:\users\marce\documents\visual studio 2015\projects\ifrslib\ifrslib\x64\debug\vc140.pdb
c:\users\marce\documents\visual studio 2015\projects\ifrslib\ifrslib\x64\debug\program.obj
c:\users\marce\documents\visual studio 2015\projects\ifrslib\ifrslib\x64\debug\main.obj
c:\users\marce\documents\visual studio 2015\projects\ifrslib\ifrslib\x64\debug\ifrs_struct.obj
c:\users\marce\documents\visual studio 2015\projects\ifrslib\ifrslib\x64\debug\ifrs_io.obj
c:\users\marce\documents\visual studio 2015\projects\ifrslib\x64\debug\ifrslib.pdb
c:\users\marce\documents\visual studio 2015\projects\ifrslib\ifrslib\x64\debug\ifrslib.tlog\cl.command.1.tlog
c:\users\marce\documents\visual studio 2015\projects\ifrslib\ifrslib\x64\debug\ifrslib.tlog\cl.read.1.tlog
c:\users\marce\documents\visual studio 2015\projects\ifrslib\ifrslib\x64\debug\ifrslib.tlog\cl.write.1.tlog
c:\users\marce\documents\visual studio 2015\projects\ifrslib\ifrslib\x64\debug\ifrslib.tlog\link-cvtres.read.1.tlog
c:\users\marce\documents\visual studio 2015\projects\ifrslib\ifrslib\x64\debug\ifrslib.tlog\link-cvtres.write.1.tlog
c:\users\marce\documents\visual studio 2015\projects\ifrslib\ifrslib\x64\debug\ifrslib.tlog\link-rc.read.1.tlog
c:\users\marce\documents\visual studio 2015\projects\ifrslib\ifrslib\x64\debug\ifrslib.tlog\link-rc.write.1.tlog
c:\users\marce\documents\visual studio 2015\projects\ifrslib\ifrslib\x64\debug\ifrslib.tlog\link.7880-cvtres.read.1.tlog
c:\users\marce\documents\visual studio 2015\projects\ifrslib\ifrslib\x64\debug\ifrslib.tlog\link.7880-cvtres.write.1.tlog
c:\users\marce\documents\visual studio 2015\projects\ifrslib\ifrslib\x64\debug\ifrslib.tlog\link.7880-rc.read.1.tlog
c:\users\marce\documents\visual studio 2015\projects\ifrslib\ifrslib\x64\debug\ifrslib.tlog\link.7880-rc.write.1.tlog
c:\users\marce\documents\visual studio 2015\projects\ifrslib\ifrslib\x64\debug\ifrslib.tlog\link.7880.read.1.tlog
c:\users\marce\documents\visual studio 2015\projects\ifrslib\ifrslib\x64\debug\ifrslib.tlog\link.7880.write.1.tlog
c:\users\marce\documents\visual studio 2015\projects\ifrslib\ifrslib\x64\debug\ifrslib.tlog\link.command.1.tlog
c:\users\marce\documents\visual studio 2015\projects\ifrslib\ifrslib\x64\debug\ifrslib.tlog\link.read.1.tlog
c:\users\marce\documents\visual studio 2015\projects\ifrslib\ifrslib\x64\debug\ifrslib.tlog\link.write.1.tlog
